<?xml version="1.0" encoding="UTF-8"?>
<testsuite xmlns:xsi="http://www.w3.org/2001/XMLSchema-instance" xsi:noNamespaceSchemaLocation="https://maven.apache.org/surefire/maven-surefire-plugin/xsd/surefire-test-report.xsd" name="TestSuite" time="19.753" tests="5" errors="0" skipped="0" failures="1">
  <properties>
    <property name="gopherProxySet" value="false"/>
    <property name="awt.toolkit" value="sun.lwawt.macosx.LWCToolkit"/>
    <property name="file.encoding.pkg" value="sun.io"/>
    <property name="java.specification.version" value="1.8"/>
    <property name="sun.cpu.isalist" value=""/>
    <property name="sun.jnu.encoding" value="UTF-8"/>
    <property name="java.class.path" value="/Users/sumith/Documents/Manju/TestingTraining/Automation/Projects/AutomationPractice/.repository/org/apache/maven/surefire/surefire-booter/2.22.2/surefire-booter-2.22.2.jar:/Users/sumith/Documents/Manju/TestingTraining/Automation/Projects/AutomationPractice/.repository/org/apache/maven/surefire/surefire-api/2.22.2/surefire-api-2.22.2.jar:/Users/sumith/Documents/Manju/TestingTraining/Automation/Projects/AutomationPractice/.repository/org/apache/maven/surefire/surefire-logger-api/2.22.2/surefire-logger-api-2.22.2.jar:/Users/sumith/Documents/Manju/TestingTraining/Automation/Projects/AutomationPractice/target/test-classes:/Users/sumith/Documents/Manju/TestingTraining/Automation/Projects/AutomationPractice/target/classes:/Users/sumith/Documents/Manju/TestingTraining/Automation/Projects/AutomationPractice/.repository/org/seleniumhq/selenium/selenium-java/3.141.59/selenium-java-3.141.59.jar:/Users/sumith/Documents/Manju/TestingTraining/Automation/Projects/AutomationPractice/.repository/org/seleniumhq/selenium/selenium-api/3.141.59/selenium-api-3.141.59.jar:/Users/sumith/Documents/Manju/TestingTraining/Automation/Projects/AutomationPractice/.repository/org/seleniumhq/selenium/selenium-chrome-driver/3.141.59/selenium-chrome-driver-3.141.59.jar:/Users/sumith/Documents/Manju/TestingTraining/Automation/Projects/AutomationPractice/.repository/org/seleniumhq/selenium/selenium-edge-driver/3.141.59/selenium-edge-driver-3.141.59.jar:/Users/sumith/Documents/Manju/TestingTraining/Automation/Projects/AutomationPractice/.repository/org/seleniumhq/selenium/selenium-firefox-driver/3.141.59/selenium-firefox-driver-3.141.59.jar:/Users/sumith/Documents/Manju/TestingTraining/Automation/Projects/AutomationPractice/.repository/org/seleniumhq/selenium/selenium-ie-driver/3.141.59/selenium-ie-driver-3.141.59.jar:/Users/sumith/Documents/Manju/TestingTraining/Automation/Projects/AutomationPractice/.repository/org/seleniumhq/selenium/selenium-opera-driver/3.141.59/selenium-opera-driver-3.141.59.jar:/Users/sumith/Documents/Manju/TestingTraining/Automation/Projects/AutomationPractice/.repository/org/seleniumhq/selenium/selenium-remote-driver/3.141.59/selenium-remote-driver-3.141.59.jar:/Users/sumith/Documents/Manju/TestingTraining/Automation/Projects/AutomationPractice/.repository/org/seleniumhq/selenium/selenium-safari-driver/3.141.59/selenium-safari-driver-3.141.59.jar:/Users/sumith/Documents/Manju/TestingTraining/Automation/Projects/AutomationPractice/.repository/org/seleniumhq/selenium/selenium-support/3.141.59/selenium-support-3.141.59.jar:/Users/sumith/Documents/Manju/TestingTraining/Automation/Projects/AutomationPractice/.repository/net/bytebuddy/byte-buddy/1.8.15/byte-buddy-1.8.15.jar:/Users/sumith/Documents/Manju/TestingTraining/Automation/Projects/AutomationPractice/.repository/org/apache/commons/commons-exec/1.3/commons-exec-1.3.jar:/Users/sumith/Documents/Manju/TestingTraining/Automation/Projects/AutomationPractice/.repository/com/google/guava/guava/25.0-jre/guava-25.0-jre.jar:/Users/sumith/Documents/Manju/TestingTraining/Automation/Projects/AutomationPractice/.repository/com/google/code/findbugs/jsr305/1.3.9/jsr305-1.3.9.jar:/Users/sumith/Documents/Manju/TestingTraining/Automation/Projects/AutomationPractice/.repository/org/checkerframework/checker-compat-qual/2.0.0/checker-compat-qual-2.0.0.jar:/Users/sumith/Documents/Manju/TestingTraining/Automation/Projects/AutomationPractice/.repository/com/google/errorprone/error_prone_annotations/2.1.3/error_prone_annotations-2.1.3.jar:/Users/sumith/Documents/Manju/TestingTraining/Automation/Projects/AutomationPractice/.repository/com/google/j2objc/j2objc-annotations/1.1/j2objc-annotations-1.1.jar:/Users/sumith/Documents/Manju/TestingTraining/Automation/Projects/AutomationPractice/.repository/org/codehaus/mojo/animal-sniffer-annotations/1.14/animal-sniffer-annotations-1.14.jar:/Users/sumith/Documents/Manju/TestingTraining/Automation/Projects/AutomationPractice/.repository/com/squareup/okhttp3/okhttp/3.11.0/okhttp-3.11.0.jar:/Users/sumith/Documents/Manju/TestingTraining/Automation/Projects/AutomationPractice/.repository/com/squareup/okio/okio/1.14.0/okio-1.14.0.jar:/Users/sumith/Documents/Manju/TestingTraining/Automation/Projects/AutomationPractice/.repository/commons-io/commons-io/2.11.0/commons-io-2.11.0.jar:/Users/sumith/Documents/Manju/TestingTraining/Automation/Projects/AutomationPractice/.repository/org/testng/testng/6.14.3/testng-6.14.3.jar:/Users/sumith/Documents/Manju/TestingTraining/Automation/Projects/AutomationPractice/.repository/com/beust/jcommander/1.72/jcommander-1.72.jar:/Users/sumith/Documents/Manju/TestingTraining/Automation/Projects/AutomationPractice/.repository/org/apache-extras/beanshell/bsh/2.0b6/bsh-2.0b6.jar:/Users/sumith/Documents/Manju/TestingTraining/Automation/Projects/AutomationPractice/.repository/com/relevantcodes/extentreports/2.41.2/extentreports-2.41.2.jar:/Users/sumith/Documents/Manju/TestingTraining/Automation/Projects/AutomationPractice/.repository/org/jsoup/jsoup/1.8.3/jsoup-1.8.3.jar:/Users/sumith/Documents/Manju/TestingTraining/Automation/Projects/AutomationPractice/.repository/org/xerial/sqlite-jdbc/3.8.11.1/sqlite-jdbc-3.8.11.1.jar:/Users/sumith/Documents/Manju/TestingTraining/Automation/Projects/AutomationPractice/.repository/org/freemarker/freemarker/2.3.23/freemarker-2.3.23.jar:/Users/sumith/Documents/Manju/TestingTraining/Automation/Projects/AutomationPractice/.repository/org/mongodb/mongodb-driver/3.0.4/mongodb-driver-3.0.4.jar:/Users/sumith/Documents/Manju/TestingTraining/Automation/Projects/AutomationPractice/.repository/org/mongodb/bson/3.0.4/bson-3.0.4.jar:/Users/sumith/Documents/Manju/TestingTraining/Automation/Projects/AutomationPractice/.repository/org/mongodb/mongodb-driver-core/3.0.4/mongodb-driver-core-3.0.4.jar:/Users/sumith/Documents/Manju/TestingTraining/Automation/Projects/AutomationPractice/.repository/org/apache/poi/poi/5.0.0/poi-5.0.0.jar:/Users/sumith/Documents/Manju/TestingTraining/Automation/Projects/AutomationPractice/.repository/org/slf4j/slf4j-api/1.7.30/slf4j-api-1.7.30.jar:/Users/sumith/Documents/Manju/TestingTraining/Automation/Projects/AutomationPractice/.repository/org/slf4j/jcl-over-slf4j/1.7.30/jcl-over-slf4j-1.7.30.jar:/Users/sumith/Documents/Manju/TestingTraining/Automation/Projects/AutomationPractice/.repository/commons-codec/commons-codec/1.15/commons-codec-1.15.jar:/Users/sumith/Documents/Manju/TestingTraining/Automation/Projects/AutomationPractice/.repository/org/apache/commons/commons-collections4/4.4/commons-collections4-4.4.jar:/Users/sumith/Documents/Manju/TestingTraining/Automation/Projects/AutomationPractice/.repository/org/apache/commons/commons-math3/3.6.1/commons-math3-3.6.1.jar:/Users/sumith/Documents/Manju/TestingTraining/Automation/Projects/AutomationPractice/.repository/com/zaxxer/SparseBitSet/1.2/SparseBitSet-1.2.jar:/Users/sumith/Documents/Manju/TestingTraining/Automation/Projects/AutomationPractice/.repository/org/apache/poi/poi-ooxml/5.1.0/poi-ooxml-5.1.0.jar:/Users/sumith/Documents/Manju/TestingTraining/Automation/Projects/AutomationPractice/.repository/org/apache/poi/poi-ooxml-lite/5.1.0/poi-ooxml-lite-5.1.0.jar:/Users/sumith/Documents/Manju/TestingTraining/Automation/Projects/AutomationPractice/.repository/org/apache/xmlbeans/xmlbeans/5.0.2/xmlbeans-5.0.2.jar:/Users/sumith/Documents/Manju/TestingTraining/Automation/Projects/AutomationPractice/.repository/xml-apis/xml-apis/1.4.01/xml-apis-1.4.01.jar:/Users/sumith/Documents/Manju/TestingTraining/Automation/Projects/AutomationPractice/.repository/org/apache/commons/commons-compress/1.21/commons-compress-1.21.jar:/Users/sumith/Documents/Manju/TestingTraining/Automation/Projects/AutomationPractice/.repository/com/github/virtuald/curvesapi/1.06/curvesapi-1.06.jar:/Users/sumith/Documents/Manju/TestingTraining/Automation/Projects/AutomationPractice/.repository/org/apache/logging/log4j/log4j-api/2.14.1/log4j-api-2.14.1.jar:/Users/sumith/Documents/Manju/TestingTraining/Automation/Projects/AutomationPractice/.repository/org/apache/maven/surefire/surefire-testng/2.22.2/surefire-testng-2.22.2.jar:/Users/sumith/Documents/Manju/TestingTraining/Automation/Projects/AutomationPractice/.repository/org/apache/maven/surefire/common-java5/2.22.2/common-java5-2.22.2.jar:/Users/sumith/Documents/Manju/TestingTraining/Automation/Projects/AutomationPractice/.repository/org/apache/maven/surefire/surefire-testng-utils/2.22.2/surefire-testng-utils-2.22.2.jar:/Users/sumith/Documents/Manju/TestingTraining/Automation/Projects/AutomationPractice/.repository/org/apache/maven/surefire/surefire-grouper/2.22.2/surefire-grouper-2.22.2.jar"/>
    <property name="java.vm.vendor" value="Oracle Corporation"/>
    <property name="sun.arch.data.model" value="64"/>
    <property name="java.vendor.url" value="http://java.oracle.com/"/>
    <property name="user.timezone" value=""/>
    <property name="java.vm.specification.version" value="1.8"/>
    <property name="os.name" value="Mac OS X"/>
    <property name="user.country" value="US"/>
    <property name="sun.java.launcher" value="SUN_STANDARD"/>
    <property name="sun.boot.library.path" value="/Library/Internet Plug-Ins/JavaAppletPlugin.plugin/Contents/Home/lib"/>
    <property name="sun.java.command" value="org.apache.maven.surefire.booter.ForkedBooter /Users/sumith/Documents/Manju/TestingTraining/Automation/Projects/AutomationPractice/target/surefire 2022-03-09T09-55-45_580-jvmRun1 surefire865313451893286860tmp surefire_07612068508327304146tmp"/>
    <property name="http.nonProxyHosts" value="local|*.local|169.254/16|*.169.254/16"/>
    <property name="surefire.test.class.path" value="/Users/sumith/Documents/Manju/TestingTraining/Automation/Projects/AutomationPractice/target/test-classes:/Users/sumith/Documents/Manju/TestingTraining/Automation/Projects/AutomationPractice/target/classes:/Users/sumith/Documents/Manju/TestingTraining/Automation/Projects/AutomationPractice/.repository/org/seleniumhq/selenium/selenium-java/3.141.59/selenium-java-3.141.59.jar:/Users/sumith/Documents/Manju/TestingTraining/Automation/Projects/AutomationPractice/.repository/org/seleniumhq/selenium/selenium-api/3.141.59/selenium-api-3.141.59.jar:/Users/sumith/Documents/Manju/TestingTraining/Automation/Projects/AutomationPractice/.repository/org/seleniumhq/selenium/selenium-chrome-driver/3.141.59/selenium-chrome-driver-3.141.59.jar:/Users/sumith/Documents/Manju/TestingTraining/Automation/Projects/AutomationPractice/.repository/org/seleniumhq/selenium/selenium-edge-driver/3.141.59/selenium-edge-driver-3.141.59.jar:/Users/sumith/Documents/Manju/TestingTraining/Automation/Projects/AutomationPractice/.repository/org/seleniumhq/selenium/selenium-firefox-driver/3.141.59/selenium-firefox-driver-3.141.59.jar:/Users/sumith/Documents/Manju/TestingTraining/Automation/Projects/AutomationPractice/.repository/org/seleniumhq/selenium/selenium-ie-driver/3.141.59/selenium-ie-driver-3.141.59.jar:/Users/sumith/Documents/Manju/TestingTraining/Automation/Projects/AutomationPractice/.repository/org/seleniumhq/selenium/selenium-opera-driver/3.141.59/selenium-opera-driver-3.141.59.jar:/Users/sumith/Documents/Manju/TestingTraining/Automation/Projects/AutomationPractice/.repository/org/seleniumhq/selenium/selenium-remote-driver/3.141.59/selenium-remote-driver-3.141.59.jar:/Users/sumith/Documents/Manju/TestingTraining/Automation/Projects/AutomationPractice/.repository/org/seleniumhq/selenium/selenium-safari-driver/3.141.59/selenium-safari-driver-3.141.59.jar:/Users/sumith/Documents/Manju/TestingTraining/Automation/Projects/AutomationPractice/.repository/org/seleniumhq/selenium/selenium-support/3.141.59/selenium-support-3.141.59.jar:/Users/sumith/Documents/Manju/TestingTraining/Automation/Projects/AutomationPractice/.repository/net/bytebuddy/byte-buddy/1.8.15/byte-buddy-1.8.15.jar:/Users/sumith/Documents/Manju/TestingTraining/Automation/Projects/AutomationPractice/.repository/org/apache/commons/commons-exec/1.3/commons-exec-1.3.jar:/Users/sumith/Documents/Manju/TestingTraining/Automation/Projects/AutomationPractice/.repository/com/google/guava/guava/25.0-jre/guava-25.0-jre.jar:/Users/sumith/Documents/Manju/TestingTraining/Automation/Projects/AutomationPractice/.repository/com/google/code/findbugs/jsr305/1.3.9/jsr305-1.3.9.jar:/Users/sumith/Documents/Manju/TestingTraining/Automation/Projects/AutomationPractice/.repository/org/checkerframework/checker-compat-qual/2.0.0/checker-compat-qual-2.0.0.jar:/Users/sumith/Documents/Manju/TestingTraining/Automation/Projects/AutomationPractice/.repository/com/google/errorprone/error_prone_annotations/2.1.3/error_prone_annotations-2.1.3.jar:/Users/sumith/Documents/Manju/TestingTraining/Automation/Projects/AutomationPractice/.repository/com/google/j2objc/j2objc-annotations/1.1/j2objc-annotations-1.1.jar:/Users/sumith/Documents/Manju/TestingTraining/Automation/Projects/AutomationPractice/.repository/org/codehaus/mojo/animal-sniffer-annotations/1.14/animal-sniffer-annotations-1.14.jar:/Users/sumith/Documents/Manju/TestingTraining/Automation/Projects/AutomationPractice/.repository/com/squareup/okhttp3/okhttp/3.11.0/okhttp-3.11.0.jar:/Users/sumith/Documents/Manju/TestingTraining/Automation/Projects/AutomationPractice/.repository/com/squareup/okio/okio/1.14.0/okio-1.14.0.jar:/Users/sumith/Documents/Manju/TestingTraining/Automation/Projects/AutomationPractice/.repository/commons-io/commons-io/2.11.0/commons-io-2.11.0.jar:/Users/sumith/Documents/Manju/TestingTraining/Automation/Projects/AutomationPractice/.repository/org/testng/testng/6.14.3/testng-6.14.3.jar:/Users/sumith/Documents/Manju/TestingTraining/Automation/Projects/AutomationPractice/.repository/com/beust/jcommander/1.72/jcommander-1.72.jar:/Users/sumith/Documents/Manju/TestingTraining/Automation/Projects/AutomationPractice/.repository/org/apache-extras/beanshell/bsh/2.0b6/bsh-2.0b6.jar:/Users/sumith/Documents/Manju/TestingTraining/Automation/Projects/AutomationPractice/.repository/com/relevantcodes/extentreports/2.41.2/extentreports-2.41.2.jar:/Users/sumith/Documents/Manju/TestingTraining/Automation/Projects/AutomationPractice/.repository/org/jsoup/jsoup/1.8.3/jsoup-1.8.3.jar:/Users/sumith/Documents/Manju/TestingTraining/Automation/Projects/AutomationPractice/.repository/org/xerial/sqlite-jdbc/3.8.11.1/sqlite-jdbc-3.8.11.1.jar:/Users/sumith/Documents/Manju/TestingTraining/Automation/Projects/AutomationPractice/.repository/org/freemarker/freemarker/2.3.23/freemarker-2.3.23.jar:/Users/sumith/Documents/Manju/TestingTraining/Automation/Projects/AutomationPractice/.repository/org/mongodb/mongodb-driver/3.0.4/mongodb-driver-3.0.4.jar:/Users/sumith/Documents/Manju/TestingTraining/Automation/Projects/AutomationPractice/.repository/org/mongodb/bson/3.0.4/bson-3.0.4.jar:/Users/sumith/Documents/Manju/TestingTraining/Automation/Projects/AutomationPractice/.repository/org/mongodb/mongodb-driver-core/3.0.4/mongodb-driver-core-3.0.4.jar:/Users/sumith/Documents/Manju/TestingTraining/Automation/Projects/AutomationPractice/.repository/org/apache/poi/poi/5.0.0/poi-5.0.0.jar:/Users/sumith/Documents/Manju/TestingTraining/Automation/Projects/AutomationPractice/.repository/org/slf4j/slf4j-api/1.7.30/slf4j-api-1.7.30.jar:/Users/sumith/Documents/Manju/TestingTraining/Automation/Projects/AutomationPractice/.repository/org/slf4j/jcl-over-slf4j/1.7.30/jcl-over-slf4j-1.7.30.jar:/Users/sumith/Documents/Manju/TestingTraining/Automation/Projects/AutomationPractice/.repository/commons-codec/commons-codec/1.15/commons-codec-1.15.jar:/Users/sumith/Documents/Manju/TestingTraining/Automation/Projects/AutomationPractice/.repository/org/apache/commons/commons-collections4/4.4/commons-collections4-4.4.jar:/Users/sumith/Documents/Manju/TestingTraining/Automation/Projects/AutomationPractice/.repository/org/apache/commons/commons-math3/3.6.1/commons-math3-3.6.1.jar:/Users/sumith/Documents/Manju/TestingTraining/Automation/Projects/AutomationPractice/.repository/com/zaxxer/SparseBitSet/1.2/SparseBitSet-1.2.jar:/Users/sumith/Documents/Manju/TestingTraining/Automation/Projects/AutomationPractice/.repository/org/apache/poi/poi-ooxml/5.1.0/poi-ooxml-5.1.0.jar:/Users/sumith/Documents/Manju/TestingTraining/Automation/Projects/AutomationPractice/.repository/org/apache/poi/poi-ooxml-lite/5.1.0/poi-ooxml-lite-5.1.0.jar:/Users/sumith/Documents/Manju/TestingTraining/Automation/Projects/AutomationPractice/.repository/org/apache/xmlbeans/xmlbeans/5.0.2/xmlbeans-5.0.2.jar:/Users/sumith/Documents/Manju/TestingTraining/Automation/Projects/AutomationPractice/.repository/xml-apis/xml-apis/1.4.01/xml-apis-1.4.01.jar:/Users/sumith/Documents/Manju/TestingTraining/Automation/Projects/AutomationPractice/.repository/org/apache/commons/commons-compress/1.21/commons-compress-1.21.jar:/Users/sumith/Documents/Manju/TestingTraining/Automation/Projects/AutomationPractice/.repository/com/github/virtuald/curvesapi/1.06/curvesapi-1.06.jar:/Users/sumith/Documents/Manju/TestingTraining/Automation/Projects/AutomationPractice/.repository/org/apache/logging/log4j/log4j-api/2.14.1/log4j-api-2.14.1.jar:"/>
    <property name="sun.cpu.endian" value="little"/>
    <property name="user.home" value="/Users/sumith"/>
    <property name="user.language" value="en"/>
    <property name="java.specification.vendor" value="Oracle Corporation"/>
    <property name="java.home" value="/Library/Internet Plug-Ins/JavaAppletPlugin.plugin/Contents/Home"/>
    <property name="basedir" value="/Users/sumith/Documents/Manju/TestingTraining/Automation/Projects/AutomationPractice"/>
    <property name="file.separator" value="/"/>
    <property name="line.separator" value="&#10;"/>
    <property name="java.vm.specification.vendor" value="Oracle Corporation"/>
    <property name="java.specification.name" value="Java Platform API Specification"/>
    <property name="java.awt.graphicsenv" value="sun.awt.CGraphicsEnvironment"/>
    <property name="sun.boot.class.path" value="/Library/Internet Plug-Ins/JavaAppletPlugin.plugin/Contents/Home/lib/resources.jar:/Library/Internet Plug-Ins/JavaAppletPlugin.plugin/Contents/Home/lib/rt.jar:/Library/Internet Plug-Ins/JavaAppletPlugin.plugin/Contents/Home/lib/sunrsasign.jar:/Library/Internet Plug-Ins/JavaAppletPlugin.plugin/Contents/Home/lib/jsse.jar:/Library/Internet Plug-Ins/JavaAppletPlugin.plugin/Contents/Home/lib/jce.jar:/Library/Internet Plug-Ins/JavaAppletPlugin.plugin/Contents/Home/lib/charsets.jar:/Library/Internet Plug-Ins/JavaAppletPlugin.plugin/Contents/Home/lib/jfr.jar:/Library/Internet Plug-Ins/JavaAppletPlugin.plugin/Contents/Home/classes"/>
    <property name="sun.management.compiler" value="HotSpot 64-Bit Tiered Compilers"/>
    <property name="ftp.nonProxyHosts" value="local|*.local|169.254/16|*.169.254/16"/>
    <property name="java.runtime.version" value="1.8.0_171-b11"/>
    <property name="user.name" value="sumith"/>
    <property name="path.separator" value=":"/>
    <property name="os.version" value="10.16"/>
    <property name="java.endorsed.dirs" value="/Library/Internet Plug-Ins/JavaAppletPlugin.plugin/Contents/Home/lib/endorsed"/>
    <property name="java.runtime.name" value="Java(TM) SE Runtime Environment"/>
    <property name="file.encoding" value="UTF-8"/>
    <property name="java.vm.name" value="Java HotSpot(TM) 64-Bit Server VM"/>
    <property name="localRepository" value="/Users/sumith/Documents/Manju/TestingTraining/Automation/Projects/AutomationPractice/.repository"/>
    <property name="java.vendor.url.bug" value="http://bugreport.sun.com/bugreport/"/>
    <property name="java.io.tmpdir" value="/var/folders/t8/d0ppgv212yn67q05jdfgx3000000gn/T/"/>
    <property name="java.version" value="1.8.0_171"/>
    <property name="user.dir" value="/Users/sumith/Documents/Manju/TestingTraining/Automation/Projects/AutomationPractice"/>
    <property name="os.arch" value="x86_64"/>
    <property name="java.vm.specification.name" value="Java Virtual Machine Specification"/>
    <property name="java.awt.printerjob" value="sun.lwawt.macosx.CPrinterJob"/>
    <property name="sun.os.patch.level" value="unknown"/>
    <property name="java.library.path" value="/Users/sumith/Library/Java/Extensions:/Library/Java/Extensions:/Network/Library/Java/Extensions:/System/Library/Java/Extensions:/usr/lib/java:."/>
    <property name="java.vm.info" value="mixed mode"/>
    <property name="java.vendor" value="Oracle Corporation"/>
    <property name="java.vm.version" value="25.171-b11"/>
    <property name="java.ext.dirs" value="/Users/sumith/Library/Java/Extensions:/Library/Internet Plug-Ins/JavaAppletPlugin.plugin/Contents/Home/lib/ext:/Library/Java/Extensions:/Network/Library/Java/Extensions:/System/Library/Java/Extensions:/usr/lib/java"/>
    <property name="sun.io.unicode.encoding" value="UnicodeBig"/>
    <property name="maven.repo.local" value="/Users/sumith/Documents/Manju/TestingTraining/Automation/Projects/AutomationPractice/.repository"/>
    <property name="java.class.version" value="52.0"/>
    <property name="socksNonProxyHosts" value="local|*.local|169.254/16|*.169.254/16"/>
  </properties>
  <testcase name="blue" classname="com.Framework.DependsOnMehodsTest" time="0.007"/>
  <testcase name="pink" classname="com.Framework.DependsOnMehodsTest" time="0"/>
  <testcase name="red" classname="com.Framework.DependsOnMehodsTest" time="0.001"/>
  <testcase name="alertHandling" classname="com.Framework.AlertTest" time="18.849">
    <failure message="chrome not reachable&#10;  (Session info: chrome=99.0.4844.51)&#10;Build info: version: &apos;3.141.59&apos;, revision: &apos;e82be7d358&apos;, time: &apos;2018-11-14T08:17:03&apos;&#10;System info: host: &apos;Sumiths-MBP-2.attlocal.net&apos;, ip: &apos;2600:1700:a000:16a0:0:0:0:42%en0&apos;, os.name: &apos;Mac OS X&apos;, os.arch: &apos;x86_64&apos;, os.version: &apos;10.16&apos;, java.version: &apos;1.8.0_171&apos;&#10;Driver info: org.openqa.selenium.chrome.ChromeDriver&#10;Capabilities {acceptInsecureCerts: false, browserName: chrome, browserVersion: 99.0.4844.51, chrome: {chromedriverVersion: 98.0.4758.102 (273bf7ac8c90..., userDataDir: /var/folders/t8/d0ppgv212yn...}, goog:chromeOptions: {debuggerAddress: localhost:55692}, javascriptEnabled: true, networkConnectionEnabled: false, pageLoadStrategy: normal, platform: MAC, platformName: MAC, proxy: Proxy(), setWindowRect: true, strictFileInteractability: false, timeouts: {implicit: 0, pageLoad: 300000, script: 30000}, unhandledPromptBehavior: dismiss and notify, webauthn:extension:credBlob: true, webauthn:extension:largeBlob: true, webauthn:virtualAuthenticators: true}&#10;Session ID: 7ca684ce757dadec9cf2381222919ae9" type="org.openqa.selenium.WebDriverException">org.openqa.selenium.WebDriverException: 
chrome not reachable
  (Session info: chrome=99.0.4844.51)
Build info: version: '3.141.59', revision: 'e82be7d358', time: '2018-11-14T08:17:03'
System info: host: 'Sumiths-MBP-2.attlocal.net', ip: '2600:1700:a000:16a0:0:0:0:42%en0', os.name: 'Mac OS X', os.arch: 'x86_64', os.version: '10.16', java.version: '1.8.0_171'
Driver info: org.openqa.selenium.chrome.ChromeDriver
Capabilities {acceptInsecureCerts: false, browserName: chrome, browserVersion: 99.0.4844.51, chrome: {chromedriverVersion: 98.0.4758.102 (273bf7ac8c90..., userDataDir: /var/folders/t8/d0ppgv212yn...}, goog:chromeOptions: {debuggerAddress: localhost:55692}, javascriptEnabled: true, networkConnectionEnabled: false, pageLoadStrategy: normal, platform: MAC, platformName: MAC, proxy: Proxy(), setWindowRect: true, strictFileInteractability: false, timeouts: {implicit: 0, pageLoad: 300000, script: 30000}, unhandledPromptBehavior: dismiss and notify, webauthn:extension:credBlob: true, webauthn:extension:largeBlob: true, webauthn:virtualAuthenticators: true}
Session ID: 7ca684ce757dadec9cf2381222919ae9
	at com.Framework.AlertTest.alertHandling(AlertTest.java:30)
</failure>
    <system-err><![CDATA[Starting ChromeDriver 98.0.4758.102 (273bf7ac8c909cde36982d27f66f3c70846a3718-refs/branch-heads/4758@{#1151}) on port 2558
Only local connections are allowed.
Please see https://chromedriver.chromium.org/security-considerations for suggestions on keeping ChromeDriver safe.
ChromeDriver was started successfully.
[1646841354.174][WARNING]: This version of ChromeDriver has not been tested with Chrome version 99.
Mar 09, 2022 9:55:54 AM org.openqa.selenium.remote.ProtocolHandshake createSession
INFO: Detected dialect: W3C
]]></system-err>
  </testcase>
  <testcase name="red" classname="com.Framework.PriorityAttributeTest" time="0"/>
</testsuite>