<?xml version="1.0" encoding="UTF-8"?>
<!-- Generated by org.testng.reporters.JUnitReportReporter -->
<testsuite skipped="0" hostname="Sumiths-MBP-2.attlocal.net" name="com.Framework.PriorityAttributeTest" tests="1" failures="0" timestamp="2022-03-02T19:11:16 CST" time="0.010" errors="0">
  <testcase name="red" time="0.010" classname="com.Framework.PriorityAttributeTest"/>
  <system-out/>
</testsuite> <!-- com.Framework.PriorityAttributeTest -->
