<?xml version="1.0" encoding="UTF-8"?>
<!-- Generated by org.testng.reporters.JUnitReportReporter -->
<testsuite skipped="0" hostname="Sumiths-MBP-2.attlocal.net" name="com.Framework.ExtentReportTest1" tests="1" failures="0" timestamp="2022-03-05T10:48:01 CST" time="8.451" errors="0">
  <testcase name="loginPageHRM" time="8.451" classname="com.Framework.ExtentReportTest1"/>
  <system-out/>
</testsuite> <!-- com.Framework.ExtentReportTest1 -->
