<?xml version="1.0" encoding="UTF-8"?>
<!-- Generated by org.testng.reporters.JUnitReportReporter -->
<testsuite skipped="0" hostname="Sumiths-MBP-2.attlocal.net" name="com.Framework.AlertTest" tests="1" failures="0" timestamp="2022-03-02T19:11:16 CST" time="16.598" errors="0">
  <testcase name="alertHandling" time="16.598" classname="com.Framework.AlertTest"/>
  <system-out/>
</testsuite> <!-- com.Framework.AlertTest -->
