<?xml version="1.0" encoding="UTF-8"?>
<!-- Generated by org.testng.reporters.JUnitReportReporter -->
<testsuite skipped="0" hostname="Sumiths-MBP-2.attlocal.net" name="com.Framework.GoogleTest" tests="1" failures="0" timestamp="2022-03-02T19:33:27 CST" time="4.127" errors="0">
  <testcase name="GoogleLink" time="4.127" classname="com.Framework.GoogleTest"/>
  <system-out/>
</testsuite> <!-- com.Framework.GoogleTest -->
