<?xml version="1.0" encoding="UTF-8"?>
<!-- Generated by org.testng.reporters.JUnitReportReporter -->
<testsuite skipped="0" hostname="Sumiths-MBP-2.attlocal.net" name="com.Framework.ExeclDataParactice2" tests="3" failures="0" timestamp="2022-03-09T19:14:48 CST" time="18.439" errors="0">
  <testcase name="orangeHrmLogin" time="4.610" classname="com.Framework.ExeclDataParactice2"/>
  <system-out/>
  <testcase name="orangeHrmLogin" time="4.531" classname="com.Framework.ExeclDataParactice2"/>
  <system-out/>
  <testcase name="orangeHrmLogin" time="9.298" classname="com.Framework.ExeclDataParactice2"/>
  <system-out/>
</testsuite> <!-- com.Framework.ExeclDataParactice2 -->
