<?xml version="1.0" encoding="UTF-8"?>
<!-- Generated by org.testng.reporters.JUnitReportReporter -->
<testsuite skipped="0" hostname="Sumiths-MBP-2.attlocal.net" name="com.Framework.ParametrizationTopic" tests="1" failures="0" timestamp="2022-03-08T11:57:41 CST" time="5.255" errors="0">
  <testcase name="login" time="5.255" classname="com.Framework.ParametrizationTopic"/>
  <system-out/>
</testsuite> <!-- com.Framework.ParametrizationTopic -->
