<?xml version="1.0" encoding="UTF-8"?>
<!-- Generated by org.testng.reporters.JUnitReportReporter -->
<testsuite skipped="0" hostname="Sumiths-MBP-2.attlocal.net" name="com.Framework.HRMTest" tests="2" failures="0" timestamp="2022-03-02T19:33:27 CST" time="6.472" errors="0">
  <testcase name="GoogleLink" time="3.338" classname="com.Framework.HRMTest"/>
  <system-out/>
  <testcase name="orangeHrLink" time="3.134" classname="com.Framework.HRMTest"/>
  <system-out/>
</testsuite> <!-- com.Framework.HRMTest -->
