<?xml version="1.0" encoding="UTF-8"?>
<!-- Generated by org.testng.reporters.JUnitReportReporter -->
<testsuite skipped="0" hostname="Sumiths-MBP-2.attlocal.net" name="com.Framework.ExcelPractice" tests="1" failures="0" timestamp="2022-03-09T09:40:14 CST" time="0.516" errors="0">
  <testcase name="excel" time="0.516" classname="com.Framework.ExcelPractice"/>
  <system-out/>
</testsuite> <!-- com.Framework.ExcelPractice -->
