<?xml version="1.0" encoding="UTF-8"?>
<!-- Generated by org.testng.reporters.JUnitReportReporter -->
<testsuite skipped="0" hostname="Sumiths-MBP-2.attlocal.net" name="com.Framework.RadioButtonTest" tests="1" failures="0" timestamp="2022-03-02T18:53:57 CST" time="21.554" errors="0">
  <testcase name="radioButtonHandling" time="21.554" classname="com.Framework.RadioButtonTest"/>
  <system-out/>
</testsuite> <!-- com.Framework.RadioButtonTest -->
