<?xml version="1.0" encoding="UTF-8"?>
<!-- Generated by org.testng.reporters.JUnitReportReporter -->
<testsuite skipped="0" hostname="Sumiths-MBP-2.attlocal.net" name="com.Framework.AlertTest" tests="1" failures="0" timestamp="04 Mar 2022 16:25:51 GMT" time="21.512" errors="0">
  <testcase name="alertHandling" time="21.512" classname="com.Framework.AlertTest"/>
</testsuite> <!-- com.Framework.AlertTest -->
