<?xml version="1.0" encoding="UTF-8"?>
<!-- Generated by org.testng.reporters.JUnitReportReporter -->
<testsuite skipped="0" hostname="Sumiths-MBP-2.attlocal.net" name="com.Framework.PriorityAttributeTest" tests="1" failures="0" timestamp="09 Mar 2022 15:56:05 GMT" time="0.000" errors="0">
  <testcase name="red" time="0.000" classname="com.Framework.PriorityAttributeTest"/>
</testsuite> <!-- com.Framework.PriorityAttributeTest -->
